# JRE version: OpenJDK Runtime Environment (21.0.10) (build 21.0.10+-14961533-b1163.108)
# Java VM: OpenJDK 64-Bit Server VM (21.0.10+-14961533-b1163.108, mixed mode, tiered, compressed oops, compressed class ptrs, g1 gc, windows-amd64)
GC Precious Log:
 CardTable entry size: 512
 Card Set container configuration: InlinePtr #cards 5 size 8 Array Of Cards #cards 12 size 40 Howl #buckets 4 coarsen threshold 1843 Howl Bitmap #cards 512 size 80 coarsen threshold 460 Card regions per heap region 1 cards per card region 2048
 CPUs: 12 total, 12 available
 Memory: 16122M
 Large Page Support: Disabled
 NUMA Support: Disabled
 Compressed Oops: Enabled (32-bit)
 Heap Region Size: 1M
 Heap Min Capacity: 8M
 Heap Initial Capacity: 252M
 Heap Max Capacity: 2G
 Pre-touch: Disabled
 Parallel Workers: 10
 Concurrent Workers: 3
 Concurrent Refinement Workers: 10
 Periodic GC: Disabled
Heap:
 garbage-first heap   total 301056K, used 216529K [0x0000000080000000, 0x0000000100000000)
  region size 1024K, 43 young (44032K), 6 survivors (6144K)
 Metaspace       used 128987K, committed 131392K, reserved 1179648K
  class space    used 18018K, committed 19200K, reserved 1048576K
GC Heap History (20 events):
Event: 26.804 GC heap before
{Heap before GC invocations=49 (full 0):
 garbage-first heap   total 203776K, used 184371K [0x0000000080000000, 0x0000000100000000)
  region size 1024K, 60 young (61440K), 6 survivors (6144K)
 Metaspace       used 117729K, committed 119936K, reserved 1179648K
  class space    used 16657K, committed 17728K, reserved 1048576K
}
Event: 26.808 GC heap after
{Heap after GC invocations=50 (full 0):
 garbage-first heap   total 203776K, used 133356K [0x0000000080000000, 0x0000000100000000)
  region size 1024K, 6 young (6144K), 6 survivors (6144K)
 Metaspace       used 117729K, committed 119936K, reserved 1179648K
  class space    used 16657K, committed 17728K, reserved 1048576K
}
Event: 27.578 GC heap before
{Heap before GC invocations=51 (full 0):
 garbage-first heap   total 224256K, used 190700K [0x0000000080000000, 0x0000000100000000)
  region size 1024K, 58 young (59392K), 6 survivors (6144K)
 Metaspace       used 121068K, committed 123264K, reserved 1179648K
  class space    used 16946K, committed 17984K, reserved 1048576K
}
Event: 27.582 GC heap after
{Heap after GC invocations=52 (full 0):
 garbage-first heap   total 224256K, used 135570K [0x0000000080000000, 0x0000000100000000)
  region size 1024K, 4 young (4096K), 4 survivors (4096K)
 Metaspace       used 121068K, committed 123264K, reserved 1179648K
  class space    used 16946K, committed 17984K, reserved 1048576K
}
Event: 28.102 GC heap before
{Heap before GC invocations=52 (full 0):
 garbage-first heap   total 224256K, used 203154K [0x0000000080000000, 0x0000000100000000)
  region size 1024K, 71 young (72704K), 4 survivors (4096K)
 Metaspace       used 121750K, committed 123968K, reserved 1179648K
  class space    used 17047K, committed 18176K, reserved 1048576K
}
Event: 28.109 GC heap after
{Heap after GC invocations=53 (full 0):
 garbage-first heap   total 224256K, used 138249K [0x0000000080000000, 0x0000000100000000)
  region size 1024K, 9 young (9216K), 9 survivors (9216K)
 Metaspace       used 121750K, committed 123968K, reserved 1179648K
  class space    used 17047K, committed 18176K, reserved 1048576K
}
Event: 28.567 GC heap before
{Heap before GC invocations=53 (full 0):
 garbage-first heap   total 224256K, used 203785K [0x0000000080000000, 0x0000000100000000)
  region size 1024K, 74 young (75776K), 9 survivors (9216K)
 Metaspace       used 121790K, committed 124032K, reserved 1179648K
  class space    used 17051K, committed 18176K, reserved 1048576K
}
Event: 28.573 GC heap after
{Heap after GC invocations=54 (full 0):
 garbage-first heap   total 224256K, used 141101K [0x0000000080000000, 0x0000000100000000)
  region size 1024K, 6 young (6144K), 6 survivors (6144K)
 Metaspace       used 121790K, committed 124032K, reserved 1179648K
  class space    used 17051K, committed 18176K, reserved 1048576K
}
Event: 28.930 GC heap before
{Heap before GC invocations=55 (full 0):
 garbage-first heap   total 237568K, used 205613K [0x0000000080000000, 0x0000000100000000)
  region size 1024K, 70 young (71680K), 6 survivors (6144K)
 Metaspace       used 121914K, committed 124224K, reserved 1179648K
  class space    used 17067K, committed 18176K, reserved 1048576K
}
Event: 28.936 GC heap after
{Heap after GC invocations=56 (full 0):
 garbage-first heap   total 237568K, used 144299K [0x0000000080000000, 0x0000000100000000)
  region size 1024K, 6 young (6144K), 6 survivors (6144K)
 Metaspace       used 121914K, committed 124224K, reserved 1179648K
  class space    used 17067K, committed 18176K, reserved 1048576K
}
Event: 31.844 GC heap before
{Heap before GC invocations=56 (full 0):
 garbage-first heap   total 237568K, used 218027K [0x0000000080000000, 0x0000000100000000)
  region size 1024K, 79 young (80896K), 6 survivors (6144K)
 Metaspace       used 123287K, committed 125568K, reserved 1179648K
  class space    used 17241K, committed 18368K, reserved 1048576K
}
Event: 31.851 GC heap after
{Heap after GC invocations=57 (full 0):
 garbage-first heap   total 237568K, used 148182K [0x0000000080000000, 0x0000000100000000)
  region size 1024K, 9 young (9216K), 9 survivors (9216K)
 Metaspace       used 123287K, committed 125568K, reserved 1179648K
  class space    used 17241K, committed 18368K, reserved 1048576K
}
Event: 32.535 GC heap before
{Heap before GC invocations=57 (full 0):
 garbage-first heap   total 237568K, used 216790K [0x0000000080000000, 0x0000000100000000)
  region size 1024K, 77 young (78848K), 9 survivors (9216K)
 Metaspace       used 123830K, committed 126144K, reserved 1179648K
  class space    used 17295K, committed 18432K, reserved 1048576K
}
Event: 32.541 GC heap after
{Heap after GC invocations=58 (full 0):
 garbage-first heap   total 237568K, used 149520K [0x0000000080000000, 0x0000000100000000)
  region size 1024K, 6 young (6144K), 6 survivors (6144K)
 Metaspace       used 123830K, committed 126144K, reserved 1179648K
  class space    used 17295K, committed 18432K, reserved 1048576K
}
Event: 33.503 GC heap before
{Heap before GC invocations=59 (full 0):
 garbage-first heap   total 250880K, used 217104K [0x0000000080000000, 0x0000000100000000)
  region size 1024K, 73 young (74752K), 6 survivors (6144K)
 Metaspace       used 124223K, committed 126592K, reserved 1179648K
  class space    used 17344K, committed 18496K, reserved 1048576K
}
Event: 33.513 GC heap after
{Heap after GC invocations=60 (full 0):
 garbage-first heap   total 250880K, used 163641K [0x0000000080000000, 0x0000000100000000)
  region size 1024K, 10 young (10240K), 10 survivors (10240K)
 Metaspace       used 124223K, committed 126592K, reserved 1179648K
  class space    used 17344K, committed 18496K, reserved 1048576K
}
Event: 34.102 GC heap before
{Heap before GC invocations=60 (full 0):
 garbage-first heap   total 250880K, used 223033K [0x0000000080000000, 0x0000000100000000)
  region size 1024K, 68 young (69632K), 10 survivors (10240K)
 Metaspace       used 124297K, committed 126592K, reserved 1179648K
  class space    used 17349K, committed 18496K, reserved 1048576K
}
Event: 34.112 GC heap after
{Heap after GC invocations=61 (full 0):
 garbage-first heap   total 250880K, used 172727K [0x0000000080000000, 0x0000000100000000)
  region size 1024K, 9 young (9216K), 9 survivors (9216K)
 Metaspace       used 124297K, committed 126592K, reserved 1179648K
  class space    used 17349K, committed 18496K, reserved 1048576K
}
Event: 62.818 GC heap before
{Heap before GC invocations=61 (full 0):
 garbage-first heap   total 250880K, used 222903K [0x0000000080000000, 0x0000000100000000)
  region size 1024K, 59 young (60416K), 9 survivors (9216K)
 Metaspace       used 127799K, committed 130112K, reserved 1179648K
  class space    used 17816K, committed 18944K, reserved 1048576K
}
Event: 62.846 GC heap after
{Heap after GC invocations=62 (full 0):
 garbage-first heap   total 250880K, used 179665K [0x0000000080000000, 0x0000000100000000)
  region size 1024K, 6 young (6144K), 6 survivors (6144K)
 Metaspace       used 127799K, committed 130112K, reserved 1179648K
  class space    used 17816K, committed 18944K, reserved 1048576K
}

